2024-01-19 14:19:47,579 DEBUG    root            Loaded Command Group: ['gcloud', 'components']
2024-01-19 14:19:47,581 DEBUG    root            Loaded Command Group: ['gcloud', 'components', 'update']
2024-01-19 14:19:47,584 DEBUG    root            Running [gcloud.components.update] with arguments: [--quiet: "True", COMPONENT-IDS:8: "['gcloud', 'core', 'bq', 'gsutil', 'compute', 'preview', 'alpha', 'beta']"]
2024-01-19 14:19:47,585 INFO     ___FILE_ONLY___ Beginning update. This process may take several minutes.

2024-01-19 14:19:47,591 DEBUG    urllib3.connectionpool Starting new HTTPS connection (1): dl.google.com:443
2024-01-19 14:19:47,732 DEBUG    urllib3.connectionpool https://dl.google.com:443 "GET /dl/cloudsdk/channels/rapid/components-2.json HTTP/1.1" 200 214448
2024-01-19 14:19:47,751 WARNING  root            Component [compute] no longer exists.
2024-01-19 14:19:47,751 WARNING  root            Component [preview] no longer exists.
2024-01-19 14:19:47,752 INFO     ___FILE_ONLY___ 

2024-01-19 14:19:47,753 INFO     ___FILE_ONLY___ 
Your current Google Cloud CLI version is: 460.0.0

2024-01-19 14:19:47,753 INFO     ___FILE_ONLY___ Installing components from version: 460.0.0

2024-01-19 14:19:47,753 INFO     ___FILE_ONLY___ 

2024-01-19 14:19:47,753 DEBUG    root            Chosen display Format:table[box,title="These components will be removed."](details.display_name:label=Name:align=left,version.version_string:label=Version:align=right,data.size.size(zero="",min=1048576):label=Size:align=right)
2024-01-19 14:19:47,754 DEBUG    root            Chosen display Format:table[box,title="These components will be updated."](details.display_name:label=Name:align=left,version.version_string:label=Version:align=right,data.size.size(zero="",min=1048576):label=Size:align=right)
2024-01-19 14:19:47,755 DEBUG    root            Chosen display Format:table[box,title="These components will be installed."](details.display_name:label=Name:align=left,version.version_string:label=Version:align=right,data.size.size(zero="",min=1048576):label=Size:align=right)
2024-01-19 14:19:47,756 INFO     ___FILE_ONLY___ ┌──────────────────────────────────────────────┐
2024-01-19 14:19:47,756 INFO     ___FILE_ONLY___ 

2024-01-19 14:19:47,756 INFO     ___FILE_ONLY___ │     These components will be installed.      │
2024-01-19 14:19:47,757 INFO     ___FILE_ONLY___ 

2024-01-19 14:19:47,757 INFO     ___FILE_ONLY___ ├───────────────────────┬────────────┬─────────┤
2024-01-19 14:19:47,757 INFO     ___FILE_ONLY___ 

2024-01-19 14:19:47,757 INFO     ___FILE_ONLY___ │          Name         │  Version   │   Size  │
2024-01-19 14:19:47,757 INFO     ___FILE_ONLY___ 

2024-01-19 14:19:47,757 INFO     ___FILE_ONLY___ ├───────────────────────┼────────────┼─────────┤
2024-01-19 14:19:47,757 INFO     ___FILE_ONLY___ 

2024-01-19 14:19:47,757 INFO     ___FILE_ONLY___ │ 
2024-01-19 14:19:47,757 INFO     ___FILE_ONLY___ gcloud Alpha Commands
2024-01-19 14:19:47,757 INFO     ___FILE_ONLY___  
2024-01-19 14:19:47,757 INFO     ___FILE_ONLY___ │ 
2024-01-19 14:19:47,758 INFO     ___FILE_ONLY___ 2024.01.12
2024-01-19 14:19:47,758 INFO     ___FILE_ONLY___  
2024-01-19 14:19:47,758 INFO     ___FILE_ONLY___ │ 
2024-01-19 14:19:47,758 INFO     ___FILE_ONLY___ < 1 MiB
2024-01-19 14:19:47,758 INFO     ___FILE_ONLY___  
2024-01-19 14:19:47,758 INFO     ___FILE_ONLY___ │
2024-01-19 14:19:47,758 INFO     ___FILE_ONLY___ 

2024-01-19 14:19:47,758 INFO     ___FILE_ONLY___ │ 
2024-01-19 14:19:47,758 INFO     ___FILE_ONLY___ gcloud Beta Commands 
2024-01-19 14:19:47,758 INFO     ___FILE_ONLY___  
2024-01-19 14:19:47,758 INFO     ___FILE_ONLY___ │ 
2024-01-19 14:19:47,759 INFO     ___FILE_ONLY___ 2024.01.12
2024-01-19 14:19:47,759 INFO     ___FILE_ONLY___  
2024-01-19 14:19:47,759 INFO     ___FILE_ONLY___ │ 
2024-01-19 14:19:47,759 INFO     ___FILE_ONLY___ < 1 MiB
2024-01-19 14:19:47,759 INFO     ___FILE_ONLY___  
2024-01-19 14:19:47,759 INFO     ___FILE_ONLY___ │
2024-01-19 14:19:47,759 INFO     ___FILE_ONLY___ 

2024-01-19 14:19:47,759 INFO     ___FILE_ONLY___ └───────────────────────┴────────────┴─────────┘
2024-01-19 14:19:47,760 INFO     ___FILE_ONLY___ 

2024-01-19 14:19:47,760 INFO     ___FILE_ONLY___ 

2024-01-19 14:19:47,764 DEBUG    urllib3.connectionpool Starting new HTTPS connection (1): dl.google.com:443
2024-01-19 14:19:47,906 DEBUG    urllib3.connectionpool https://dl.google.com:443 "GET /dl/cloudsdk/channels/rapid/RELEASE_NOTES HTTP/1.1" 200 1141000
2024-01-19 14:19:47,939 INFO     ___FILE_ONLY___ For the latest full release notes, please visit:
  https://cloud.google.com/sdk/release_notes


2024-01-19 14:19:47,941 INFO     ___FILE_ONLY___ ╔════════════════════════════════════════════════════════════╗

2024-01-19 14:19:47,942 INFO     ___FILE_ONLY___ ╠═ Creating update staging area                             ═╣

2024-01-19 14:19:47,942 INFO     ___FILE_ONLY___ ╚
2024-01-19 14:19:47,942 INFO     ___FILE_ONLY___ ══════
2024-01-19 14:19:48,567 INFO     ___FILE_ONLY___ ══════
2024-01-19 14:19:48,567 INFO     ___FILE_ONLY___ ══════
2024-01-19 14:19:48,810 INFO     ___FILE_ONLY___ ═
2024-01-19 14:19:48,875 INFO     ___FILE_ONLY___ ═
2024-01-19 14:19:48,931 INFO     ___FILE_ONLY___ ═
2024-01-19 14:19:49,010 INFO     ___FILE_ONLY___ ═
2024-01-19 14:19:49,128 INFO     ___FILE_ONLY___ ═
2024-01-19 14:19:49,184 INFO     ___FILE_ONLY___ ═
2024-01-19 14:19:49,299 INFO     ___FILE_ONLY___ ═
2024-01-19 14:19:49,383 INFO     ___FILE_ONLY___ ═
2024-01-19 14:19:49,457 INFO     ___FILE_ONLY___ ═
2024-01-19 14:19:49,726 INFO     ___FILE_ONLY___ ═
2024-01-19 14:19:49,840 INFO     ___FILE_ONLY___ ═
2024-01-19 14:19:49,960 INFO     ___FILE_ONLY___ ═
2024-01-19 14:19:50,461 INFO     ___FILE_ONLY___ ═
2024-01-19 14:19:50,518 INFO     ___FILE_ONLY___ ═
2024-01-19 14:19:50,574 INFO     ___FILE_ONLY___ ═
2024-01-19 14:19:50,637 INFO     ___FILE_ONLY___ ═
2024-01-19 14:19:50,687 INFO     ___FILE_ONLY___ ═
2024-01-19 14:19:50,744 INFO     ___FILE_ONLY___ ═
2024-01-19 14:19:50,805 INFO     ___FILE_ONLY___ ═
2024-01-19 14:19:50,864 INFO     ___FILE_ONLY___ ═
2024-01-19 14:19:50,950 INFO     ___FILE_ONLY___ ═
2024-01-19 14:19:50,996 INFO     ___FILE_ONLY___ ═
2024-01-19 14:19:51,050 INFO     ___FILE_ONLY___ ═
2024-01-19 14:19:51,113 INFO     ___FILE_ONLY___ ═
2024-01-19 14:19:51,186 INFO     ___FILE_ONLY___ ═
2024-01-19 14:19:51,254 INFO     ___FILE_ONLY___ ═
2024-01-19 14:19:51,318 INFO     ___FILE_ONLY___ ═
2024-01-19 14:19:51,372 INFO     ___FILE_ONLY___ ═
2024-01-19 14:19:51,439 INFO     ___FILE_ONLY___ ═
2024-01-19 14:19:51,498 INFO     ___FILE_ONLY___ ═
2024-01-19 14:19:51,560 INFO     ___FILE_ONLY___ ═
2024-01-19 14:19:51,621 INFO     ___FILE_ONLY___ ═
2024-01-19 14:19:51,687 INFO     ___FILE_ONLY___ ═
2024-01-19 14:19:51,745 INFO     ___FILE_ONLY___ ═
2024-01-19 14:19:51,796 INFO     ___FILE_ONLY___ ═
2024-01-19 14:19:51,852 INFO     ___FILE_ONLY___ ═
2024-01-19 14:19:51,907 INFO     ___FILE_ONLY___ ═
2024-01-19 14:19:52,008 INFO     ___FILE_ONLY___ ═
2024-01-19 14:19:52,174 INFO     ___FILE_ONLY___ ═
2024-01-19 14:19:52,249 INFO     ___FILE_ONLY___ ═
2024-01-19 14:19:52,337 INFO     ___FILE_ONLY___ ═
2024-01-19 14:19:52,403 INFO     ___FILE_ONLY___ ═
2024-01-19 14:19:52,403 INFO     ___FILE_ONLY___ ╝

2024-01-19 14:19:54,706 INFO     ___FILE_ONLY___ ╔════════════════════════════════════════════════════════════╗

2024-01-19 14:19:54,706 INFO     ___FILE_ONLY___ ╠═ Installing: gcloud Alpha Commands                        ═╣

2024-01-19 14:19:54,707 INFO     ___FILE_ONLY___ ╚
2024-01-19 14:19:54,711 DEBUG    urllib3.connectionpool Starting new HTTPS connection (1): dl.google.com:443
2024-01-19 14:19:54,851 DEBUG    urllib3.connectionpool https://dl.google.com:443 "GET /dl/cloudsdk/channels/rapid/components/google-cloud-sdk-alpha-20240112150613.tar.gz HTTP/1.1" 200 800
2024-01-19 14:19:54,852 INFO     ___FILE_ONLY___ ══════════════════════════════
2024-01-19 14:19:54,854 INFO     ___FILE_ONLY___ ══════════════════════════════
2024-01-19 14:19:54,854 INFO     ___FILE_ONLY___ ╝

2024-01-19 14:19:54,861 INFO     ___FILE_ONLY___ ╔════════════════════════════════════════════════════════════╗

2024-01-19 14:19:54,862 INFO     ___FILE_ONLY___ ╠═ Installing: gcloud Beta Commands                         ═╣

2024-01-19 14:19:54,862 INFO     ___FILE_ONLY___ ╚
2024-01-19 14:19:54,866 DEBUG    urllib3.connectionpool Starting new HTTPS connection (1): dl.google.com:443
2024-01-19 14:19:54,961 DEBUG    urllib3.connectionpool https://dl.google.com:443 "GET /dl/cloudsdk/channels/rapid/components/google-cloud-sdk-beta-20240112150613.tar.gz HTTP/1.1" 200 797
2024-01-19 14:19:54,962 INFO     ___FILE_ONLY___ ══════════════════════════════
2024-01-19 14:19:54,963 INFO     ___FILE_ONLY___ ══════════════════════════════
2024-01-19 14:19:54,964 INFO     ___FILE_ONLY___ ╝

2024-01-19 14:19:54,971 INFO     ___FILE_ONLY___ ╔════════════════════════════════════════════════════════════╗

2024-01-19 14:19:54,971 INFO     ___FILE_ONLY___ ╠═ Creating backup and activating new installation          ═╣

2024-01-19 14:19:54,972 INFO     ___FILE_ONLY___ ╚
2024-01-19 14:19:54,972 DEBUG    root            Attempting to move directory [/tools/google-cloud-sdk] to [/tools/google-cloud-sdk.staging/.install/.backup]
2024-01-19 14:19:54,972 INFO     ___FILE_ONLY___ ══════════════════════════════
2024-01-19 14:19:54,972 DEBUG    root            Attempting to move directory [/tools/google-cloud-sdk.staging] to [/tools/google-cloud-sdk]
2024-01-19 14:19:54,972 INFO     ___FILE_ONLY___ ══════════════════════════════
2024-01-19 14:19:54,972 INFO     ___FILE_ONLY___ ╝

2024-01-19 14:19:54,977 DEBUG    root            Updating notification cache...
2024-01-19 14:19:54,977 INFO     ___FILE_ONLY___ 

2024-01-19 14:19:54,980 INFO     ___FILE_ONLY___ Performing post processing steps...
2024-01-19 14:19:54,980 DEBUG    root            Executing command: ['python3', '-S', '/tools/google-cloud-sdk/lib/gcloud.py', 'components', 'post-process']
2024-01-19 14:20:05,701 DEBUG    ___FILE_ONLY___ 
2024-01-19 14:20:05,701 DEBUG    ___FILE_ONLY___ 
2024-01-19 14:20:05,746 INFO     ___FILE_ONLY___ 
Update done!


2024-01-19 14:20:05,749 DEBUG    root            Chosen display Format:none
2024-01-19 14:20:05,749 INFO     root            Display format: "none"
